<!DOCTYPE HTML PUBLIC "-//W3C//DTD HTML 4.01//EN" "http://www.w3.org/TR/html4/strict.dtd">
<html>
<head>
<meta httpEquiv="Content-Type" content="text/html; charset=utf-8"/>
<title>Test results - Class AuthenticationIntegrationTest</title>
<link href="css/base-style.css" rel="stylesheet" type="text/css"/>
<link href="css/style.css" rel="stylesheet" type="text/css"/>
<script src="js/report.js" type="text/javascript"></script>
</head>
<body>
<div id="content">
<h1>Class AuthenticationIntegrationTest</h1>
<div class="breadcrumbs">
<a href="../index.html">all</a> &gt; 
<a href="../packages/default-package.html">default-package</a> &gt; AuthenticationIntegrationTest</div>
<div id="summary">
<table>
<tr>
<td>
<div class="summaryGroup">
<table>
<tr>
<td>
<div class="infoBox" id="tests">
<div class="counter">5</div>
<p>tests</p>
</div>
</td>
<td>
<div class="infoBox" id="failures">
<div class="counter">0</div>
<p>failures</p>
</div>
</td>
<td>
<div class="infoBox" id="duration">
<div class="counter">12.608s</div>
<p>duration</p>
</div>
</td>
</tr>
</table>
</div>
</td>
<td>
<div class="infoBox success" id="successRate">
<div class="percent">100%</div>
<p>successful</p>
</div>
</td>
</tr>
</table>
</div>
<div id="tabs">
<ul class="tabLinks">
<li>
<a href="#tab0">Tests</a>
</li>
<li>
<a href="#tab1">Standard output</a>
</li>
<li>
<a href="#tab2">Standard error</a>
</li>
</ul>
<div id="tab0" class="tab">
<h2>Tests</h2>
<table>
<thead>
<tr>
<th>Test</th>
<th>Duration</th>
<th>Result</th>
</tr>
</thead>
<tr>
<td class="success">AuthenticationShouldFailAndReturnMessage</td>
<td>2.260s</td>
<td class="success">passed</td>
</tr>
<tr>
<td class="success">AuthenticationShouldFailWithInvalidUser</td>
<td>1.959s</td>
<td class="success">passed</td>
</tr>
<tr>
<td class="success">ShouldAuthenticateUser</td>
<td>3.052s</td>
<td class="success">passed</td>
</tr>
<tr>
<td class="success">ShouldAuthenticateUsingApplicationKey</td>
<td>4.093s</td>
<td class="success">passed</td>
</tr>
<tr>
<td class="success">ShouldFailUsingApplicationKey</td>
<td>1.244s</td>
<td class="success">passed</td>
</tr>
</table>
</div>
<div id="tab1" class="tab">
<h2>Standard output</h2>
<span class="code">
<pre>call initcall authcall initcall auth</pre>
</span>
</div>
<div id="tab2" class="tab">
<h2>Standard error</h2>
<span class="code">
<pre>java.lang.Exception: Invalid user, password or scope (Http Status Code = 403) . Body : 
	at kidozen.client.authentication.WRAPv09IdentityProvider.RequestToken(WRAPv09IdentityProvider.java:80)
	at kidozen.client.authentication.IdentityManager$FederatedIdentity.getFederatedToken(IdentityManager.java:347)
	at kidozen.client.authentication.IdentityManager$FederatedIdentity.doInBackground(IdentityManager.java:333)
	at kidozen.client.authentication.IdentityManager$FederatedIdentity.doInBackground(IdentityManager.java:319)
	at android.os.ShadowAsyncTaskBridge.doInBackground(ShadowAsyncTaskBridge.java:14)
	at org.robolectric.shadows.ShadowAsyncTask$BackgroundWorker.call(ShadowAsyncTask.java:149)
	at org.robolectric.util.SimpleFuture.run(SimpleFuture.java:52)
	at org.robolectric.shadows.ShadowAsyncTask$2.run(ShadowAsyncTask.java:95)
	at org.robolectric.util.Scheduler.postDelayed(Scheduler.java:37)
	at org.robolectric.util.Scheduler.post(Scheduler.java:42)
	at org.robolectric.shadows.ShadowAsyncTask.execute(ShadowAsyncTask.java:92)
	at sun.reflect.NativeMethodAccessorImpl.invoke0(Native Method)
	at sun.reflect.NativeMethodAccessorImpl.invoke(NativeMethodAccessorImpl.java:57)
	at sun.reflect.DelegatingMethodAccessorImpl.invoke(DelegatingMethodAccessorImpl.java:43)
	at java.lang.reflect.Method.invoke(Method.java:606)
	at org.robolectric.bytecode.ShadowWrangler$ShadowMethodPlan.run(ShadowWrangler.java:456)
	at android.os.AsyncTask.execute(AsyncTask.java)
	at kidozen.client.authentication.IdentityManager.Authenticate(IdentityManager.java:94)
	at kidozen.client.KZApplication.Authenticate(KZApplication.java:468)
	at AuthenticationIntegrationTest.AuthenticationShouldFailAndReturnMessage(AuthenticationIntegrationTest.java:145)
	at sun.reflect.NativeMethodAccessorImpl.invoke0(Native Method)
	at sun.reflect.NativeMethodAccessorImpl.invoke(NativeMethodAccessorImpl.java:57)
	at sun.reflect.DelegatingMethodAccessorImpl.invoke(DelegatingMethodAccessorImpl.java:43)
	at java.lang.reflect.Method.invoke(Method.java:606)
	at org.junit.runners.model.FrameworkMethod$1.runReflectiveCall(FrameworkMethod.java:47)
	at org.junit.internal.runners.model.ReflectiveCallable.run(ReflectiveCallable.java:12)
	at org.junit.runners.model.FrameworkMethod.invokeExplosively(FrameworkMethod.java:44)
	at org.junit.internal.runners.statements.InvokeMethod.evaluate(InvokeMethod.java:17)
	at org.junit.internal.runners.statements.RunBefores.evaluate(RunBefores.java:26)
	at org.robolectric.RobolectricTestRunner$2.evaluate(RobolectricTestRunner.java:234)
	at org.junit.runners.ParentRunner.runLeaf(ParentRunner.java:271)
	at org.junit.runners.BlockJUnit4ClassRunner.runChild(BlockJUnit4ClassRunner.java:70)
	at org.junit.runners.BlockJUnit4ClassRunner.runChild(BlockJUnit4ClassRunner.java:50)
	at org.junit.runners.ParentRunner$3.run(ParentRunner.java:238)
	at org.junit.runners.ParentRunner$1.schedule(ParentRunner.java:63)
	at org.junit.runners.ParentRunner.runChildren(ParentRunner.java:236)
	at org.junit.runners.ParentRunner.access$000(ParentRunner.java:53)
	at org.junit.runners.ParentRunner$2.evaluate(ParentRunner.java:229)
	at org.robolectric.RobolectricTestRunner$1.evaluate(RobolectricTestRunner.java:175)
	at org.junit.runners.ParentRunner.run(ParentRunner.java:309)
	at org.gradle.api.internal.tasks.testing.junit.JUnitTestClassExecuter.runTestClass(JUnitTestClassExecuter.java:86)
	at org.gradle.api.internal.tasks.testing.junit.JUnitTestClassExecuter.execute(JUnitTestClassExecuter.java:49)
	at org.gradle.api.internal.tasks.testing.junit.JUnitTestClassProcessor.processTestClass(JUnitTestClassProcessor.java:69)
	at org.gradle.api.internal.tasks.testing.SuiteTestClassProcessor.processTestClass(SuiteTestClassProcessor.java:50)
	at sun.reflect.NativeMethodAccessorImpl.invoke0(Native Method)
	at sun.reflect.NativeMethodAccessorImpl.invoke(NativeMethodAccessorImpl.java:57)
	at sun.reflect.DelegatingMethodAccessorImpl.invoke(DelegatingMethodAccessorImpl.java:43)
	at java.lang.reflect.Method.invoke(Method.java:606)
	at org.gradle.messaging.dispatch.ReflectionDispatch.dispatch(ReflectionDispatch.java:35)
	at org.gradle.messaging.dispatch.ReflectionDispatch.dispatch(ReflectionDispatch.java:24)
	at org.gradle.messaging.dispatch.ContextClassLoaderDispatch.dispatch(ContextClassLoaderDispatch.java:32)
	at org.gradle.messaging.dispatch.ProxyDispatchAdapter$DispatchingInvocationHandler.invoke(ProxyDispatchAdapter.java:93)
	at com.sun.proxy.$Proxy2.processTestClass(Unknown Source)
	at org.gradle.api.internal.tasks.testing.worker.TestWorker.processTestClass(TestWorker.java:103)
	at sun.reflect.NativeMethodAccessorImpl.invoke0(Native Method)
	at sun.reflect.NativeMethodAccessorImpl.invoke(NativeMethodAccessorImpl.java:57)
	at sun.reflect.DelegatingMethodAccessorImpl.invoke(DelegatingMethodAccessorImpl.java:43)
	at java.lang.reflect.Method.invoke(Method.java:606)
	at org.gradle.messaging.dispatch.ReflectionDispatch.dispatch(ReflectionDispatch.java:35)
	at org.gradle.messaging.dispatch.ReflectionDispatch.dispatch(ReflectionDispatch.java:24)
	at org.gradle.messaging.remote.internal.hub.MessageHub$Handler.run(MessageHub.java:355)
	at org.gradle.internal.concurrent.DefaultExecutorFactory$StoppableExecutorImpl$1.run(DefaultExecutorFactory.java:64)
	at java.util.concurrent.ThreadPoolExecutor.runWorker(ThreadPoolExecutor.java:1145)
	at java.util.concurrent.ThreadPoolExecutor$Worker.run(ThreadPoolExecutor.java:615)
	at java.lang.Thread.run(Thread.java:745)
java.lang.Exception: Invalid user, password or scope (Http Status Code = 403) . Body : 
	at kidozen.client.authentication.WRAPv09IdentityProvider.RequestToken(WRAPv09IdentityProvider.java:80)
	at kidozen.client.authentication.IdentityManager$FederatedIdentity.getFederatedToken(IdentityManager.java:347)
	at kidozen.client.authentication.IdentityManager$FederatedIdentity.doInBackground(IdentityManager.java:333)
	at kidozen.client.authentication.IdentityManager$FederatedIdentity.doInBackground(IdentityManager.java:319)
	at android.os.ShadowAsyncTaskBridge.doInBackground(ShadowAsyncTaskBridge.java:14)
	at org.robolectric.shadows.ShadowAsyncTask$BackgroundWorker.call(ShadowAsyncTask.java:149)
	at org.robolectric.util.SimpleFuture.run(SimpleFuture.java:52)
	at org.robolectric.shadows.ShadowAsyncTask$2.run(ShadowAsyncTask.java:95)
	at org.robolectric.util.Scheduler.postDelayed(Scheduler.java:37)
	at org.robolectric.util.Scheduler.post(Scheduler.java:42)
	at org.robolectric.shadows.ShadowAsyncTask.execute(ShadowAsyncTask.java:92)
	at sun.reflect.NativeMethodAccessorImpl.invoke0(Native Method)
	at sun.reflect.NativeMethodAccessorImpl.invoke(NativeMethodAccessorImpl.java:57)
	at sun.reflect.DelegatingMethodAccessorImpl.invoke(DelegatingMethodAccessorImpl.java:43)
	at java.lang.reflect.Method.invoke(Method.java:606)
	at org.robolectric.bytecode.ShadowWrangler$ShadowMethodPlan.run(ShadowWrangler.java:456)
	at android.os.AsyncTask.execute(AsyncTask.java)
	at kidozen.client.authentication.IdentityManager.Authenticate(IdentityManager.java:94)
	at kidozen.client.KZApplication.Authenticate(KZApplication.java:468)
	at AuthenticationIntegrationTest.AuthenticationShouldFailWithInvalidUser(AuthenticationIntegrationTest.java:119)
	at sun.reflect.NativeMethodAccessorImpl.invoke0(Native Method)
	at sun.reflect.NativeMethodAccessorImpl.invoke(NativeMethodAccessorImpl.java:57)
	at sun.reflect.DelegatingMethodAccessorImpl.invoke(DelegatingMethodAccessorImpl.java:43)
	at java.lang.reflect.Method.invoke(Method.java:606)
	at org.junit.runners.model.FrameworkMethod$1.runReflectiveCall(FrameworkMethod.java:47)
	at org.junit.internal.runners.model.ReflectiveCallable.run(ReflectiveCallable.java:12)
	at org.junit.runners.model.FrameworkMethod.invokeExplosively(FrameworkMethod.java:44)
	at org.junit.internal.runners.statements.InvokeMethod.evaluate(InvokeMethod.java:17)
	at org.junit.internal.runners.statements.RunBefores.evaluate(RunBefores.java:26)
	at org.robolectric.RobolectricTestRunner$2.evaluate(RobolectricTestRunner.java:234)
	at org.junit.runners.ParentRunner.runLeaf(ParentRunner.java:271)
	at org.junit.runners.BlockJUnit4ClassRunner.runChild(BlockJUnit4ClassRunner.java:70)
	at org.junit.runners.BlockJUnit4ClassRunner.runChild(BlockJUnit4ClassRunner.java:50)
	at org.junit.runners.ParentRunner$3.run(ParentRunner.java:238)
	at org.junit.runners.ParentRunner$1.schedule(ParentRunner.java:63)
	at org.junit.runners.ParentRunner.runChildren(ParentRunner.java:236)
	at org.junit.runners.ParentRunner.access$000(ParentRunner.java:53)
	at org.junit.runners.ParentRunner$2.evaluate(ParentRunner.java:229)
	at org.robolectric.RobolectricTestRunner$1.evaluate(RobolectricTestRunner.java:175)
	at org.junit.runners.ParentRunner.run(ParentRunner.java:309)
	at org.gradle.api.internal.tasks.testing.junit.JUnitTestClassExecuter.runTestClass(JUnitTestClassExecuter.java:86)
	at org.gradle.api.internal.tasks.testing.junit.JUnitTestClassExecuter.execute(JUnitTestClassExecuter.java:49)
	at org.gradle.api.internal.tasks.testing.junit.JUnitTestClassProcessor.processTestClass(JUnitTestClassProcessor.java:69)
	at org.gradle.api.internal.tasks.testing.SuiteTestClassProcessor.processTestClass(SuiteTestClassProcessor.java:50)
	at sun.reflect.NativeMethodAccessorImpl.invoke0(Native Method)
	at sun.reflect.NativeMethodAccessorImpl.invoke(NativeMethodAccessorImpl.java:57)
	at sun.reflect.DelegatingMethodAccessorImpl.invoke(DelegatingMethodAccessorImpl.java:43)
	at java.lang.reflect.Method.invoke(Method.java:606)
	at org.gradle.messaging.dispatch.ReflectionDispatch.dispatch(ReflectionDispatch.java:35)
	at org.gradle.messaging.dispatch.ReflectionDispatch.dispatch(ReflectionDispatch.java:24)
	at org.gradle.messaging.dispatch.ContextClassLoaderDispatch.dispatch(ContextClassLoaderDispatch.java:32)
	at org.gradle.messaging.dispatch.ProxyDispatchAdapter$DispatchingInvocationHandler.invoke(ProxyDispatchAdapter.java:93)
	at com.sun.proxy.$Proxy2.processTestClass(Unknown Source)
	at org.gradle.api.internal.tasks.testing.worker.TestWorker.processTestClass(TestWorker.java:103)
	at sun.reflect.NativeMethodAccessorImpl.invoke0(Native Method)
	at sun.reflect.NativeMethodAccessorImpl.invoke(NativeMethodAccessorImpl.java:57)
	at sun.reflect.DelegatingMethodAccessorImpl.invoke(DelegatingMethodAccessorImpl.java:43)
	at java.lang.reflect.Method.invoke(Method.java:606)
	at org.gradle.messaging.dispatch.ReflectionDispatch.dispatch(ReflectionDispatch.java:35)
	at org.gradle.messaging.dispatch.ReflectionDispatch.dispatch(ReflectionDispatch.java:24)
	at org.gradle.messaging.remote.internal.hub.MessageHub$Handler.run(MessageHub.java:355)
	at org.gradle.internal.concurrent.DefaultExecutorFactory$StoppableExecutorImpl$1.run(DefaultExecutorFactory.java:64)
	at java.util.concurrent.ThreadPoolExecutor.runWorker(ThreadPoolExecutor.java:1145)
	at java.util.concurrent.ThreadPoolExecutor$Worker.run(ThreadPoolExecutor.java:615)
	at java.lang.Thread.run(Thread.java:745)
java.lang.Exception: Invalid Response (Http StatusCode = 401). Body : {
  &quot;traceId&quot;: &quot;b0de26e9-ee64-4d4e-8b68-03483b1f4917&quot;,
  &quot;stack&quot;: [
    &quot;Error: Invalid client_secret.&quot;,
    &quot;    at Function.Error.create (/Users/christian/sources/kidozen/kido-solution/marketplace/node_modules/simple-errors/index.js:20:12)&quot;,
    &quot;    at Function.Error.http (/Users/christian/sources/kidozen/kido-solution/marketplace/node_modules/simple-errors/index.js:58:18)&quot;,
    &quot;    at module.exports.hook (/Users/christian/sources/kidozen/kido-solution/marketplace/lib/auth/endpoints/oauth20.js:65:16)&quot;,
    &quot;    at Collection.findOne (/Users/christian/sources/kidozen/kido-solution/core/node_modules/mongodb/lib/mongodb/collection.js:953:5)&quot;,
    &quot;    at Cursor.nextObject (/Users/christian/sources/kidozen/kido-solution/core/node_modules/mongodb/lib/mongodb/cursor.js:678:5)&quot;,
    &quot;    at Cursor.nextObject.commandHandler (/Users/christian/sources/kidozen/kido-solution/core/node_modules/mongodb/lib/mongodb/cursor.js:658:14)&quot;,
    &quot;    at Db._executeQueryCommand (/Users/christian/sources/kidozen/kido-solution/core/node_modules/mongodb/lib/mongodb/db.js:1670:9)&quot;,
    &quot;    at Server.Base._callHandler (/Users/christian/sources/kidozen/kido-solution/core/node_modules/mongodb/lib/mongodb/connection/base.js:382:41)&quot;,
    &quot;    at Server.connect.connectionPool.on.server._serverState (/Users/christian/sources/kidozen/kido-solution/core/node_modules/mongodb/lib/mongodb/connection/server.js:472:18)&quot;,
    &quot;    at MongoReply.parseBody (/Users/christian/sources/kidozen/kido-solution/core/node_modules/mongodb/lib/mongodb/responses/mongo_reply.js:68:5)&quot;,
    &quot;    at Server.connect.connectionPool.on.server._serverState (/Users/christian/sources/kidozen/kido-solution/core/node_modules/mongodb/lib/mongodb/connection/server.js:430:20)&quot;,
    &quot;    at EventEmitter.emit (events.js:96:17)&quot;,
    &quot;    at _connect (/Users/christian/sources/kidozen/kido-solution/core/node_modules/mongodb/lib/mongodb/connection/connection_pool.js:191:13)&quot;,
    &quot;    at EventEmitter.emit (events.js:99:17)&quot;,
    &quot;    at Socket.exports.Connection.createDataHandler (/Users/christian/sources/kidozen/kido-solution/core/node_modules/mongodb/lib/mongodb/connection/connection.js:384:22)&quot;,
    &quot;    at Socket.EventEmitter.emit (events.js:96:17)&quot;,
    &quot;    at TCP.onread (net.js:396:14)&quot;
  ],
  &quot;error&quot;: &quot;Invalid client_secret.&quot;
}

	at kidozen.client.authentication.IdentityManager$KeyIdentity.getTokenForApplication(IdentityManager.java:393)
	at kidozen.client.authentication.IdentityManager$KeyIdentity.doInBackground(IdentityManager.java:371)
	at kidozen.client.authentication.IdentityManager$KeyIdentity.doInBackground(IdentityManager.java:368)
	at android.os.ShadowAsyncTaskBridge.doInBackground(ShadowAsyncTaskBridge.java:14)
	at org.robolectric.shadows.ShadowAsyncTask$BackgroundWorker.call(ShadowAsyncTask.java:149)
	at org.robolectric.util.SimpleFuture.run(SimpleFuture.java:52)
	at org.robolectric.shadows.ShadowAsyncTask$2.run(ShadowAsyncTask.java:95)
	at org.robolectric.util.Scheduler.postDelayed(Scheduler.java:37)
	at org.robolectric.util.Scheduler.post(Scheduler.java:42)
	at org.robolectric.shadows.ShadowAsyncTask.execute(ShadowAsyncTask.java:92)
	at sun.reflect.GeneratedMethodAccessor21.invoke(Unknown Source)
	at sun.reflect.DelegatingMethodAccessorImpl.invoke(DelegatingMethodAccessorImpl.java:43)
	at java.lang.reflect.Method.invoke(Method.java:606)
	at org.robolectric.bytecode.ShadowWrangler$ShadowMethodPlan.run(ShadowWrangler.java:456)
	at android.os.AsyncTask.execute(AsyncTask.java)
	at kidozen.client.authentication.IdentityManager.Authenticate(IdentityManager.java:171)
	at kidozen.client.KZApplication$InitializationWithKeyCallback.onFinish(KZApplication.java:576)
	at kidozen.client.KidoAppSettings.onPostExecute(KidoAppSettings.java:66)
	at kidozen.client.KidoAppSettings.onPostExecute(KidoAppSettings.java:20)
	at android.os.ShadowAsyncTaskBridge.onPostExecute(ShadowAsyncTaskBridge.java:22)
	at org.robolectric.shadows.ShadowAsyncTask$1$1.run(ShadowAsyncTask.java:40)
	at org.robolectric.util.Scheduler.postDelayed(Scheduler.java:37)
	at org.robolectric.util.Scheduler.post(Scheduler.java:42)
	at org.robolectric.shadows.ShadowAsyncTask$1.done(ShadowAsyncTask.java:37)
	at org.robolectric.util.SimpleFuture.run(SimpleFuture.java:54)
	at org.robolectric.shadows.ShadowAsyncTask$2.run(ShadowAsyncTask.java:95)
	at org.robolectric.util.Scheduler.postDelayed(Scheduler.java:37)
	at org.robolectric.util.Scheduler.post(Scheduler.java:42)
	at org.robolectric.shadows.ShadowAsyncTask.execute(ShadowAsyncTask.java:92)
	at sun.reflect.GeneratedMethodAccessor21.invoke(Unknown Source)
	at sun.reflect.DelegatingMethodAccessorImpl.invoke(DelegatingMethodAccessorImpl.java:43)
	at java.lang.reflect.Method.invoke(Method.java:606)
	at org.robolectric.bytecode.ShadowWrangler$ShadowMethodPlan.run(ShadowWrangler.java:456)
	at android.os.AsyncTask.execute(AsyncTask.java)
	at kidozen.client.KZApplication.&lt;init&gt;(KZApplication.java:134)
	at AuthenticationIntegrationTest.ShouldFailUsingApplicationKey(AuthenticationIntegrationTest.java:66)
	at sun.reflect.NativeMethodAccessorImpl.invoke0(Native Method)
	at sun.reflect.NativeMethodAccessorImpl.invoke(NativeMethodAccessorImpl.java:57)
	at sun.reflect.DelegatingMethodAccessorImpl.invoke(DelegatingMethodAccessorImpl.java:43)
	at java.lang.reflect.Method.invoke(Method.java:606)
	at org.junit.runners.model.FrameworkMethod$1.runReflectiveCall(FrameworkMethod.java:47)
	at org.junit.internal.runners.model.ReflectiveCallable.run(ReflectiveCallable.java:12)
	at org.junit.runners.model.FrameworkMethod.invokeExplosively(FrameworkMethod.java:44)
	at org.junit.internal.runners.statements.InvokeMethod.evaluate(InvokeMethod.java:17)
	at org.junit.internal.runners.statements.RunBefores.evaluate(RunBefores.java:26)
	at org.robolectric.RobolectricTestRunner$2.evaluate(RobolectricTestRunner.java:234)
	at org.junit.runners.ParentRunner.runLeaf(ParentRunner.java:271)
	at org.junit.runners.BlockJUnit4ClassRunner.runChild(BlockJUnit4ClassRunner.java:70)
	at org.junit.runners.BlockJUnit4ClassRunner.runChild(BlockJUnit4ClassRunner.java:50)
	at org.junit.runners.ParentRunner$3.run(ParentRunner.java:238)
	at org.junit.runners.ParentRunner$1.schedule(ParentRunner.java:63)
	at org.junit.runners.ParentRunner.runChildren(ParentRunner.java:236)
	at org.junit.runners.ParentRunner.access$000(ParentRunner.java:53)
	at org.junit.runners.ParentRunner$2.evaluate(ParentRunner.java:229)
	at org.robolectric.RobolectricTestRunner$1.evaluate(RobolectricTestRunner.java:175)
	at org.junit.runners.ParentRunner.run(ParentRunner.java:309)
	at org.gradle.api.internal.tasks.testing.junit.JUnitTestClassExecuter.runTestClass(JUnitTestClassExecuter.java:86)
	at org.gradle.api.internal.tasks.testing.junit.JUnitTestClassExecuter.execute(JUnitTestClassExecuter.java:49)
	at org.gradle.api.internal.tasks.testing.junit.JUnitTestClassProcessor.processTestClass(JUnitTestClassProcessor.java:69)
	at org.gradle.api.internal.tasks.testing.SuiteTestClassProcessor.processTestClass(SuiteTestClassProcessor.java:50)
	at sun.reflect.NativeMethodAccessorImpl.invoke0(Native Method)
	at sun.reflect.NativeMethodAccessorImpl.invoke(NativeMethodAccessorImpl.java:57)
	at sun.reflect.DelegatingMethodAccessorImpl.invoke(DelegatingMethodAccessorImpl.java:43)
	at java.lang.reflect.Method.invoke(Method.java:606)
	at org.gradle.messaging.dispatch.ReflectionDispatch.dispatch(ReflectionDispatch.java:35)
	at org.gradle.messaging.dispatch.ReflectionDispatch.dispatch(ReflectionDispatch.java:24)
	at org.gradle.messaging.dispatch.ContextClassLoaderDispatch.dispatch(ContextClassLoaderDispatch.java:32)
	at org.gradle.messaging.dispatch.ProxyDispatchAdapter$DispatchingInvocationHandler.invoke(ProxyDispatchAdapter.java:93)
	at com.sun.proxy.$Proxy2.processTestClass(Unknown Source)
	at org.gradle.api.internal.tasks.testing.worker.TestWorker.processTestClass(TestWorker.java:103)
	at sun.reflect.NativeMethodAccessorImpl.invoke0(Native Method)
	at sun.reflect.NativeMethodAccessorImpl.invoke(NativeMethodAccessorImpl.java:57)
	at sun.reflect.DelegatingMethodAccessorImpl.invoke(DelegatingMethodAccessorImpl.java:43)
	at java.lang.reflect.Method.invoke(Method.java:606)
	at org.gradle.messaging.dispatch.ReflectionDispatch.dispatch(ReflectionDispatch.java:35)
	at org.gradle.messaging.dispatch.ReflectionDispatch.dispatch(ReflectionDispatch.java:24)
	at org.gradle.messaging.remote.internal.hub.MessageHub$Handler.run(MessageHub.java:355)
	at org.gradle.internal.concurrent.DefaultExecutorFactory$StoppableExecutorImpl$1.run(DefaultExecutorFactory.java:64)
	at java.util.concurrent.ThreadPoolExecutor.runWorker(ThreadPoolExecutor.java:1145)
	at java.util.concurrent.ThreadPoolExecutor$Worker.run(ThreadPoolExecutor.java:615)
	at java.lang.Thread.run(Thread.java:745)
</pre>
</span>
</div>
</div>
<div id="footer">
<p>Generated by 
<a href="http://www.gradle.org">Gradle 1.10</a> at May 7, 2014 10:10:26 PM</p>
</div>
</div>
</body>